<?xml version="1.0" encoding="UTF-8"?>
<coverage generated="1563624812263" clover="3.2.0">
  <project timestamp="1563624812263" name="All files">
    <metrics statements="57" coveredstatements="54" conditionals="18" coveredconditionals="16" methods="18" coveredmethods="18" elements="93" coveredelements="88" complexity="0" loc="57" ncloc="57" packages="1" files="1" classes="1"/>
    <file name="CartParser.js" path="C:\Users\Dariya\Desktop\BSA8\BSA2019-Testing\src\CartParser.js">
      <metrics statements="57" coveredstatements="54" conditionals="18" coveredconditionals="16" methods="18" coveredmethods="18"/>
      <line num="6" count="10" type="stmt"/>
      <line num="11" count="10" type="stmt"/>
      <line num="17" count="10" type="stmt"/>
      <line num="46" count="1" type="stmt"/>
      <line num="47" count="1" type="stmt"/>
      <line num="49" count="1" type="cond" truecount="1" falsecount="1"/>
      <line num="50" count="0" type="stmt"/>
      <line num="51" count="0" type="stmt"/>
      <line num="54" count="1" type="stmt"/>
      <line num="56" count="7" type="stmt"/>
      <line num="57" count="6" type="stmt"/>
      <line num="58" count="5" type="stmt"/>
      <line num="59" count="1" type="stmt"/>
      <line num="61" count="1" type="stmt"/>
      <line num="75" count="46" type="stmt"/>
      <line num="88" count="6" type="stmt"/>
      <line num="89" count="42" type="stmt"/>
      <line num="90" count="6" type="stmt"/>
      <line num="91" count="36" type="stmt"/>
      <line num="93" count="18" type="stmt"/>
      <line num="95" count="6" type="stmt"/>
      <line num="96" count="18" type="stmt"/>
      <line num="97" count="18" type="cond" truecount="2" falsecount="0"/>
      <line num="98" count="1" type="stmt"/>
      <line num="111" count="6" type="stmt"/>
      <line num="112" count="89" type="stmt"/>
      <line num="114" count="30" type="cond" truecount="2" falsecount="0"/>
      <line num="115" count="1" type="stmt"/>
      <line num="125" count="1" type="stmt"/>
      <line num="128" count="29" type="stmt"/>
      <line num="129" count="87" type="stmt"/>
      <line num="130" count="87" type="stmt"/>
      <line num="132" count="87" type="cond" truecount="2" falsecount="1"/>
      <line num="134" count="29" type="cond" truecount="2" falsecount="0"/>
      <line num="135" count="1" type="stmt"/>
      <line num="144" count="29" type="stmt"/>
      <line num="147" count="58" type="stmt"/>
      <line num="148" count="58" type="cond" truecount="2" falsecount="0"/>
      <line num="153" count="1" type="stmt"/>
      <line num="162" count="58" type="stmt"/>
      <line num="165" count="0" type="stmt"/>
      <line num="170" count="6" type="stmt"/>
      <line num="182" count="9" type="stmt"/>
      <line num="183" count="27" type="stmt"/>
      <line num="184" count="27" type="stmt"/>
      <line num="185" count="27" type="stmt"/>
      <line num="186" count="9" type="stmt"/>
      <line num="188" count="9" type="stmt"/>
      <line num="189" count="27" type="stmt"/>
      <line num="190" count="27" type="stmt"/>
      <line num="191" count="27" type="stmt"/>
      <line num="193" count="27" type="cond" truecount="2" falsecount="0"/>
      <line num="195" count="27" type="stmt"/>
      <line num="198" count="9" type="stmt"/>
      <line num="200" count="9" type="stmt"/>
      <line num="211" count="5" type="stmt"/>
      <line num="223" count="4" type="stmt"/>
    </file>
  </project>
</coverage>
