{"C:\\Users\\Dariya\\Desktop\\BSA8\\BSA2019-Testing\\src\\CartParser.js": {"path":"C:\\Users\\Dariya\\Desktop\\BSA8\\BSA2019-Testing\\src\\CartParser.js","statementMap":{"0":{"start":{"line":6,"column":4},"end":{"line":9,"column":6}},"1":{"start":{"line":11,"column":4},"end":{"line":15,"column":6}},"2":{"start":{"line":17,"column":4},"end":{"line":35,"column":6}},"3":{"start":{"line":46,"column":21},"end":{"line":46,"column":40}},"4":{"start":{"line":47,"column":25},"end":{"line":47,"column":48}},"5":{"start":{"line":49,"column":4},"end":{"line":52,"column":5}},"6":{"start":{"line":50,"column":6},"end":{"line":50,"column":38}},"7":{"start":{"line":51,"column":6},"end":{"line":51,"column":40}},"8":{"start":{"line":54,"column":18},"end":{"line":57,"column":32}},"9":{"start":{"line":56,"column":21},"end":{"line":56,"column":22}},"10":{"start":{"line":57,"column":26},"end":{"line":57,"column":31}},"11":{"start":{"line":58,"column":14},"end":{"line":58,"column":47}},"12":{"start":{"line":58,"column":29},"end":{"line":58,"column":46}},"13":{"start":{"line":59,"column":14},"end":{"line":59,"column":35}},"14":{"start":{"line":61,"column":4},"end":{"line":64,"column":6}},"15":{"start":{"line":75,"column":4},"end":{"line":75,"column":44}},"16":{"start":{"line":88,"column":19},"end":{"line":88,"column":21}},"17":{"start":{"line":89,"column":14},"end":{"line":89,"column":49}},"18":{"start":{"line":89,"column":47},"end":{"line":89,"column":48}},"19":{"start":{"line":90,"column":20},"end":{"line":90,"column":28}},"20":{"start":{"line":91,"column":18},"end":{"line":91,"column":47}},"21":{"start":{"line":91,"column":41},"end":{"line":91,"column":46}},"22":{"start":{"line":93,"column":20},"end":{"line":93,"column":61}},"23":{"start":{"line":93,"column":52},"end":{"line":93,"column":60}},"24":{"start":{"line":95,"column":4},"end":{"line":109,"column":5}},"25":{"start":{"line":95,"column":17},"end":{"line":95,"column":18}},"26":{"start":{"line":96,"column":27},"end":{"line":96,"column":54}},"27":{"start":{"line":97,"column":6},"end":{"line":108,"column":7}},"28":{"start":{"line":98,"column":8},"end":{"line":107,"column":10}},"29":{"start":{"line":111,"column":4},"end":{"line":168,"column":5}},"30":{"start":{"line":111,"column":17},"end":{"line":111,"column":18}},"31":{"start":{"line":112,"column":20},"end":{"line":112,"column":62}},"32":{"start":{"line":112,"column":53},"end":{"line":112,"column":61}},"33":{"start":{"line":114,"column":6},"end":{"line":126,"column":7}},"34":{"start":{"line":115,"column":8},"end":{"line":124,"column":10}},"35":{"start":{"line":125,"column":8},"end":{"line":125,"column":17}},"36":{"start":{"line":128,"column":6},"end":{"line":167,"column":7}},"37":{"start":{"line":128,"column":19},"end":{"line":128,"column":20}},"38":{"start":{"line":129,"column":21},"end":{"line":129,"column":29}},"39":{"start":{"line":130,"column":23},"end":{"line":130,"column":50}},"40":{"start":{"line":132,"column":8},"end":{"line":166,"column":9}},"41":{"start":{"line":134,"column":12},"end":{"line":143,"column":13}},"42":{"start":{"line":135,"column":14},"end":{"line":142,"column":16}},"43":{"start":{"line":144,"column":12},"end":{"line":144,"column":18}},"44":{"start":{"line":147,"column":33},"end":{"line":147,"column":45}},"45":{"start":{"line":148,"column":12},"end":{"line":161,"column":13}},"46":{"start":{"line":153,"column":14},"end":{"line":160,"column":16}},"47":{"start":{"line":162,"column":12},"end":{"line":162,"column":18}},"48":{"start":{"line":165,"column":12},"end":{"line":165,"column":18}},"49":{"start":{"line":170,"column":4},"end":{"line":170,"column":18}},"50":{"start":{"line":182,"column":20},"end":{"line":182,"column":39}},"51":{"start":{"line":183,"column":14},"end":{"line":183,"column":48}},"52":{"start":{"line":183,"column":36},"end":{"line":183,"column":47}},"53":{"start":{"line":184,"column":13},"end":{"line":184,"column":46}},"54":{"start":{"line":184,"column":35},"end":{"line":184,"column":45}},"55":{"start":{"line":185,"column":15},"end":{"line":185,"column":58}},"56":{"start":{"line":185,"column":46},"end":{"line":185,"column":57}},"57":{"start":{"line":186,"column":13},"end":{"line":186,"column":15}},"58":{"start":{"line":188,"column":4},"end":{"line":196,"column":5}},"59":{"start":{"line":188,"column":17},"end":{"line":188,"column":18}},"60":{"start":{"line":189,"column":19},"end":{"line":189,"column":27}},"61":{"start":{"line":190,"column":14},"end":{"line":190,"column":21}},"62":{"start":{"line":191,"column":16},"end":{"line":191,"column":25}},"63":{"start":{"line":193,"column":10},"end":{"line":193,"column":74}},"64":{"start":{"line":195,"column":6},"end":{"line":195,"column":29}},"65":{"start":{"line":198,"column":4},"end":{"line":198,"column":24}},"66":{"start":{"line":200,"column":4},"end":{"line":200,"column":16}},"67":{"start":{"line":211,"column":4},"end":{"line":211,"column":77}},"68":{"start":{"line":211,"column":42},"end":{"line":211,"column":72}},"69":{"start":{"line":223,"column":4},"end":{"line":228,"column":6}}},"fnMap":{"0":{"name":"(anonymous_0)","decl":{"start":{"line":5,"column":2},"end":{"line":5,"column":3}},"loc":{"start":{"line":5,"column":16},"end":{"line":36,"column":3}},"line":5},"1":{"name":"(anonymous_1)","decl":{"start":{"line":45,"column":2},"end":{"line":45,"column":3}},"loc":{"start":{"line":45,"column":14},"end":{"line":65,"column":3}},"line":45},"2":{"name":"(anonymous_2)","decl":{"start":{"line":56,"column":16},"end":{"line":56,"column":17}},"loc":{"start":{"line":56,"column":21},"end":{"line":56,"column":22}},"line":56},"3":{"name":"(anonymous_3)","decl":{"start":{"line":57,"column":16},"end":{"line":57,"column":17}},"loc":{"start":{"line":57,"column":26},"end":{"line":57,"column":31}},"line":57},"4":{"name":"(anonymous_4)","decl":{"start":{"line":58,"column":24},"end":{"line":58,"column":25}},"loc":{"start":{"line":58,"column":29},"end":{"line":58,"column":46}},"line":58},"5":{"name":"(anonymous_5)","decl":{"start":{"line":74,"column":2},"end":{"line":74,"column":3}},"loc":{"start":{"line":74,"column":17},"end":{"line":76,"column":3}},"line":74},"6":{"name":"(anonymous_6)","decl":{"start":{"line":87,"column":2},"end":{"line":87,"column":3}},"loc":{"start":{"line":87,"column":21},"end":{"line":171,"column":3}},"line":87},"7":{"name":"(anonymous_7)","decl":{"start":{"line":89,"column":42},"end":{"line":89,"column":43}},"loc":{"start":{"line":89,"column":47},"end":{"line":89,"column":48}},"line":89},"8":{"name":"(anonymous_8)","decl":{"start":{"line":91,"column":31},"end":{"line":91,"column":32}},"loc":{"start":{"line":91,"column":41},"end":{"line":91,"column":46}},"line":91},"9":{"name":"(anonymous_9)","decl":{"start":{"line":93,"column":47},"end":{"line":93,"column":48}},"loc":{"start":{"line":93,"column":52},"end":{"line":93,"column":60}},"line":93},"10":{"name":"(anonymous_10)","decl":{"start":{"line":112,"column":48},"end":{"line":112,"column":49}},"loc":{"start":{"line":112,"column":53},"end":{"line":112,"column":61}},"line":112},"11":{"name":"(anonymous_11)","decl":{"start":{"line":181,"column":2},"end":{"line":181,"column":3}},"loc":{"start":{"line":181,"column":21},"end":{"line":201,"column":3}},"line":181},"12":{"name":"(anonymous_12)","decl":{"start":{"line":183,"column":26},"end":{"line":183,"column":27}},"loc":{"start":{"line":183,"column":36},"end":{"line":183,"column":47}},"line":183},"13":{"name":"(anonymous_13)","decl":{"start":{"line":184,"column":25},"end":{"line":184,"column":26}},"loc":{"start":{"line":184,"column":35},"end":{"line":184,"column":45}},"line":184},"14":{"name":"(anonymous_14)","decl":{"start":{"line":185,"column":38},"end":{"line":185,"column":39}},"loc":{"start":{"line":185,"column":46},"end":{"line":185,"column":57}},"line":185},"15":{"name":"(anonymous_15)","decl":{"start":{"line":210,"column":2},"end":{"line":210,"column":3}},"loc":{"start":{"line":210,"column":23},"end":{"line":212,"column":3}},"line":210},"16":{"name":"(anonymous_16)","decl":{"start":{"line":211,"column":28},"end":{"line":211,"column":29}},"loc":{"start":{"line":211,"column":42},"end":{"line":211,"column":72}},"line":211},"17":{"name":"(anonymous_17)","decl":{"start":{"line":222,"column":2},"end":{"line":222,"column":3}},"loc":{"start":{"line":222,"column":42},"end":{"line":229,"column":3}},"line":222}},"branchMap":{"0":{"loc":{"start":{"line":49,"column":4},"end":{"line":52,"column":5}},"type":"if","locations":[{"start":{"line":49,"column":4},"end":{"line":52,"column":5}},{"start":{"line":49,"column":4},"end":{"line":52,"column":5}}],"line":49},"1":{"loc":{"start":{"line":97,"column":6},"end":{"line":108,"column":7}},"type":"if","locations":[{"start":{"line":97,"column":6},"end":{"line":108,"column":7}},{"start":{"line":97,"column":6},"end":{"line":108,"column":7}}],"line":97},"2":{"loc":{"start":{"line":114,"column":6},"end":{"line":126,"column":7}},"type":"if","locations":[{"start":{"line":114,"column":6},"end":{"line":126,"column":7}},{"start":{"line":114,"column":6},"end":{"line":126,"column":7}}],"line":114},"3":{"loc":{"start":{"line":132,"column":8},"end":{"line":166,"column":9}},"type":"switch","locations":[{"start":{"line":133,"column":10},"end":{"line":145,"column":11}},{"start":{"line":146,"column":10},"end":{"line":163,"column":11}},{"start":{"line":164,"column":10},"end":{"line":165,"column":18}}],"line":132},"4":{"loc":{"start":{"line":134,"column":12},"end":{"line":143,"column":13}},"type":"if","locations":[{"start":{"line":134,"column":12},"end":{"line":143,"column":13}},{"start":{"line":134,"column":12},"end":{"line":143,"column":13}}],"line":134},"5":{"loc":{"start":{"line":148,"column":12},"end":{"line":161,"column":13}},"type":"if","locations":[{"start":{"line":148,"column":12},"end":{"line":161,"column":13}},{"start":{"line":148,"column":12},"end":{"line":161,"column":13}}],"line":148},"6":{"loc":{"start":{"line":149,"column":14},"end":{"line":151,"column":30}},"type":"binary-expr","locations":[{"start":{"line":149,"column":14},"end":{"line":149,"column":45}},{"start":{"line":150,"column":14},"end":{"line":150,"column":40}},{"start":{"line":151,"column":14},"end":{"line":151,"column":30}}],"line":149},"7":{"loc":{"start":{"line":193,"column":10},"end":{"line":193,"column":74}},"type":"cond-expr","locations":[{"start":{"line":193,"column":53},"end":{"line":193,"column":66}},{"start":{"line":193,"column":69},"end":{"line":193,"column":74}}],"line":193}},"s":{"0":10,"1":10,"2":10,"3":1,"4":1,"5":1,"6":0,"7":0,"8":1,"9":7,"10":6,"11":1,"12":5,"13":1,"14":1,"15":46,"16":6,"17":6,"18":42,"19":6,"20":6,"21":36,"22":6,"23":18,"24":6,"25":6,"26":18,"27":18,"28":1,"29":6,"30":6,"31":30,"32":89,"33":30,"34":1,"35":1,"36":29,"37":29,"38":87,"39":87,"40":87,"41":29,"42":1,"43":29,"44":58,"45":58,"46":1,"47":58,"48":0,"49":6,"50":9,"51":9,"52":27,"53":9,"54":27,"55":9,"56":27,"57":9,"58":9,"59":9,"60":27,"61":27,"62":27,"63":27,"64":27,"65":9,"66":9,"67":1,"68":5,"69":4},"f":{"0":10,"1":1,"2":7,"3":6,"4":5,"5":46,"6":6,"7":42,"8":36,"9":18,"10":89,"11":9,"12":27,"13":27,"14":27,"15":1,"16":5,"17":4},"b":{"0":[0,1],"1":[1,17],"2":[1,29],"3":[29,58,0],"4":[1,28],"5":[1,57],"6":[58,58,57],"7":[18,9]},"_coverageSchema":"43e27e138ebf9cfc5966b082cf9a028302ed4184","hash":"1a72b44bc77ac13e96a0e97522d8f4ce6d56c7a3"}
}
