TN:
SF:C:\Users\Dariya\Desktop\BSA8\BSA2019-Testing\src\CartParser.js
FN:5,(anonymous_0)
FN:45,(anonymous_1)
FN:56,(anonymous_2)
FN:57,(anonymous_3)
FN:58,(anonymous_4)
FN:74,(anonymous_5)
FN:87,(anonymous_6)
FN:89,(anonymous_7)
FN:91,(anonymous_8)
FN:93,(anonymous_9)
FN:112,(anonymous_10)
FN:181,(anonymous_11)
FN:183,(anonymous_12)
FN:184,(anonymous_13)
FN:185,(anonymous_14)
FN:210,(anonymous_15)
FN:211,(anonymous_16)
FN:222,(anonymous_17)
FNF:18
FNH:18
FNDA:10,(anonymous_0)
FNDA:1,(anonymous_1)
FNDA:7,(anonymous_2)
FNDA:6,(anonymous_3)
FNDA:5,(anonymous_4)
FNDA:46,(anonymous_5)
FNDA:6,(anonymous_6)
FNDA:42,(anonymous_7)
FNDA:36,(anonymous_8)
FNDA:18,(anonymous_9)
FNDA:89,(anonymous_10)
FNDA:9,(anonymous_11)
FNDA:27,(anonymous_12)
FNDA:27,(anonymous_13)
FNDA:27,(anonymous_14)
FNDA:1,(anonymous_15)
FNDA:5,(anonymous_16)
FNDA:4,(anonymous_17)
DA:6,10
DA:11,10
DA:17,10
DA:46,1
DA:47,1
DA:49,1
DA:50,0
DA:51,0
DA:54,1
DA:56,7
DA:57,6
DA:58,5
DA:59,1
DA:61,1
DA:75,46
DA:88,6
DA:89,42
DA:90,6
DA:91,36
DA:93,18
DA:95,6
DA:96,18
DA:97,18
DA:98,1
DA:111,6
DA:112,89
DA:114,30
DA:115,1
DA:125,1
DA:128,29
DA:129,87
DA:130,87
DA:132,87
DA:134,29
DA:135,1
DA:144,29
DA:147,58
DA:148,58
DA:153,1
DA:162,58
DA:165,0
DA:170,6
DA:182,9
DA:183,27
DA:184,27
DA:185,27
DA:186,9
DA:188,9
DA:189,27
DA:190,27
DA:191,27
DA:193,27
DA:195,27
DA:198,9
DA:200,9
DA:211,5
DA:223,4
LF:57
LH:54
BRDA:49,0,0,0
BRDA:49,0,1,1
BRDA:97,1,0,1
BRDA:97,1,1,17
BRDA:114,2,0,1
BRDA:114,2,1,29
BRDA:132,3,0,29
BRDA:132,3,1,58
BRDA:132,3,2,0
BRDA:134,4,0,1
BRDA:134,4,1,28
BRDA:148,5,0,1
BRDA:148,5,1,57
BRDA:149,6,0,58
BRDA:149,6,1,58
BRDA:149,6,2,57
BRDA:193,7,0,18
BRDA:193,7,1,9
BRF:18
BRH:16
end_of_record
